2024-03-24T13:55:19+00:00 ERROR Error getting data feed
2024-03-24T13:55:19+00:00 ERROR WP_Error Object
(
    [errors] => Array
        (
            [http_request_failed] => Array
                (
                    [0] => cURL error 6: Could not resolve host: woocommerce.com
                )

        )

    [error_data] => Array
        (
        )

    [additional_data:protected] => Array
        (
        )

)

2024-03-24T13:55:19+00:00 ERROR Error getting data feed
2024-03-24T13:55:19+00:00 ERROR WP_Error Object
(
    [errors] => Array
        (
            [http_request_failed] => Array
                (
                    [0] => cURL error 6: Could not resolve host: woocommerce.com
                )

        )

    [error_data] => Array
        (
        )

    [additional_data:protected] => Array
        (
        )

)

2024-03-24T14:24:34+00:00 ERROR Error getting data feed
2024-03-24T14:24:34+00:00 ERROR WP_Error Object
(
    [errors] => Array
        (
            [http_request_failed] => Array
                (
                    [0] => cURL error 6: Could not resolve host: woocommerce.com
                )

        )

    [error_data] => Array
        (
        )

    [additional_data:protected] => Array
        (
        )

)

2024-03-24T14:25:19+00:00 ERROR Error getting data feed
2024-03-24T14:25:19+00:00 ERROR WP_Error Object
(
    [errors] => Array
        (
            [http_request_failed] => Array
                (
                    [0] => cURL error 6: Could not resolve host: woocommerce.com
                )

        )

    [error_data] => Array
        (
        )

    [additional_data:protected] => Array
        (
        )

)

2024-03-24T14:25:43+00:00 ERROR Error getting data feed
2024-03-24T14:25:43+00:00 ERROR WP_Error Object
(
    [errors] => Array
        (
            [http_request_failed] => Array
                (
                    [0] => cURL error 6: Could not resolve host: woocommerce.com
                )

        )

    [error_data] => Array
        (
        )

    [additional_data:protected] => Array
        (
        )

)

2024-03-24T14:26:02+00:00 ERROR Error getting data feed
2024-03-24T14:26:02+00:00 ERROR WP_Error Object
(
    [errors] => Array
        (
            [http_request_failed] => Array
                (
                    [0] => cURL error 6: Could not resolve host: woocommerce.com
                )

        )

    [error_data] => Array
        (
        )

    [additional_data:protected] => Array
        (
        )

)

2024-03-24T14:26:17+00:00 ERROR Error getting data feed
2024-03-24T14:26:17+00:00 ERROR WP_Error Object
(
    [errors] => Array
        (
            [http_request_failed] => Array
                (
                    [0] => cURL error 6: Could not resolve host: woocommerce.com
                )

        )

    [error_data] => Array
        (
        )

    [additional_data:protected] => Array
        (
        )

)

2024-03-24T15:12:48+00:00 ERROR Error getting data feed
2024-03-24T15:12:48+00:00 ERROR WP_Error Object
(
    [errors] => Array
        (
            [http_request_failed] => Array
                (
                    [0] => cURL error 6: Could not resolve host: woocommerce.com
                )

        )

    [error_data] => Array
        (
        )

    [additional_data:protected] => Array
        (
        )

)

